1588089430696: chunk-937 start
1588089430696: chunk-937 finish
1588089430697: chunk-938 start
1588089430697: chunk-938 finish
1588089430697: chunk-939 start
1588089430698: chunk-939 finish
1588089430698: chunk-940 start
1588089430698: chunk-940 finish
1588089430699: chunk-941 start
1588089430700: chunk-941 finish
1588089430700: chunk-942 start
1588089430700: chunk-942 finish
1588089430701: chunk-943 start
1588089430701: chunk-943 finish
1588089430701: chunk-944 start
1588089430701: chunk-944 finish
1588089430701: chunk-945 start
1588089430702: chunk-945 finish
1588089430702: chunk-946 start
1588089430702: chunk-946 finish
1588089430703: chunk-947 start
1588089430704: chunk-947 finish
1588089430704: chunk-948 start
1588089430704: chunk-948 finish
1588089430704: chunk-949 start
1588089430704: chunk-949 finish
1588089430705: chunk-950 start
1588089430705: chunk-950 finish
1588089430705: chunk-951 start
1588089430705: chunk-951 finish
1588089430705: chunk-952 start
1588089430706: chunk-952 finish
1588089430707: chunk-953 start
1588089430707: chunk-953 finish
1588089430707: chunk-954 start
1588089430707: chunk-954 finish
1588089430707: chunk-955 start
1588089430707: chunk-955 finish
1588089430707: chunk-956 start
1588089430708: chunk-956 finish
1588089430708: chunk-957 start
1588089430708: chunk-957 finish
1588089430708: chunk-958 start
1588089430710: chunk-958 finish
1588089430710: chunk-959 start
1588089430710: chunk-959 finish
1588089430710: chunk-960 start
1588089430710: chunk-960 finish
1588089430710: chunk-961 start
1588089430710: chunk-961 finish
1588089430711: chunk-962 start
1588089430711: chunk-962 finish
1588089430711: chunk-963 start
1588089430711: chunk-963 finish
1588089430712: chunk-964 start
1588089430713: chunk-964 finish
1588089430713: chunk-965 start
1588089430713: chunk-965 finish
1588089430713: chunk-966 start
1588089430714: chunk-966 finish
1588089430714: chunk-967 start
1588089430714: chunk-967 finish
1588089430714: chunk-968 start
1588089430715: chunk-968 finish
1588089430715: chunk-969 start
1588089430715: chunk-969 finish
1588089430715: chunk-970 start
1588089430717: chunk-970 finish
1588089430717: chunk-971 start
1588089430717: chunk-971 finish
1588089430717: chunk-972 start
1588089430717: chunk-972 finish
1588089430718: chunk-973 start
1588089430718: chunk-973 finish
1588089430718: chunk-974 start
1588089430718: chunk-974 finish
1588089430718: chunk-975 start
1588089430718: chunk-975 finish
1588089430719: chunk-976 start
1588089430720: chunk-976 finish
1588089430720: chunk-977 start
1588089430720: chunk-977 finish
1588089430720: chunk-978 start
1588089430720: chunk-978 finish
1588089430721: chunk-979 start
1588089430721: chunk-979 finish
1588089430721: chunk-980 start
1588089430721: chunk-980 finish
1588089430721: chunk-981 start
1588089430721: chunk-981 finish
1588089430722: chunk-982 start
1588089430723: chunk-982 finish
1588089430723: chunk-983 start
1588089430723: chunk-983 finish
1588089430723: chunk-984 start
1588089430723: chunk-984 finish
1588089430724: chunk-985 start
1588089430724: chunk-985 finish
1588089430724: chunk-986 start
1588089430724: chunk-986 finish
1588089430724: chunk-987 start
1588089430724: chunk-987 finish
1588089430725: chunk-988 start
1588089430727: chunk-988 finish
1588089430728: chunk-989 start
1588089430728: chunk-989 finish
1588089430728: chunk-990 start
1588089430728: chunk-990 finish
1588089430728: chunk-991 start
1588089430728: chunk-991 finish
1588089430728: chunk-992 start
1588089430729: chunk-992 finish
1588089430729: chunk-993 start
1588089430729: chunk-993 finish
1588089430729: chunk-994 start
1588089430729: chunk-994 finish
1588089430729: chunk-995 start
1588089430729: chunk-995 finish
1588089430730: chunk-996 start
1588089430730: chunk-996 finish
1588089430730: chunk-997 start
1588089430730: chunk-997 finish
1588089430730: chunk-998 start
1588089430730: chunk-998 finish
1588089430735: chunk-999 start
1588089430735: chunk-999 finish
1588089430735: chunk-1000 start
1588089430736: chunk-1000 finish
1588089430736: chunk-1001 start
1588089430737: chunk-1001 finish
1588089430737: chunk-1002 start
1588089430737: chunk-1002 finish
1588089430738: chunk-1003 start
1588089430738: chunk-1003 finish
1588089430738: chunk-1004 start
1588089430738: chunk-1004 finish
1588089430739: chunk-1005 start
1588089430739: chunk-1005 finish
1588089430739: chunk-1006 start
1588089430739: chunk-1006 finish
1588089430740: chunk-1007 start
1588089430740: chunk-1007 finish
1588089430742: chunk-1008 start
1588089430742: chunk-1008 finish
1588089430742: chunk-1009 start
1588089430743: chunk-1009 finish
1588089430743: chunk-1010 start
1588089430743: chunk-1010 finish
1588089430743: chunk-1011 start
1588089430743: chunk-1011 finish
1588089430743: chunk-1012 start
1588089430744: chunk-1012 finish
1588089430744: chunk-1013 start
1588089430745: chunk-1013 finish
1588089430747: chunk-1014 start
1588089430748: chunk-1014 finish
1588089430748: chunk-1015 start
1588089430749: chunk-1015 finish
1588089430749: chunk-1016 start
1588089430749: chunk-1016 finish
1588089430749: chunk-1017 start
1588089430749: chunk-1017 finish
1588089430749: chunk-1018 start
1588089430750: chunk-1018 finish
1588089430750: chunk-1019 start
1588089430750: chunk-1019 finish
1588089430750: chunk-1020 start
1588089430751: chunk-1020 finish
1588089430751: chunk-1021 start
1588089430751: chunk-1021 finish
1588089430751: chunk-1022 start
1588089430751: chunk-1022 finish
1588089430751: chunk-1023 start
1588089430752: chunk-1023 finish
1588089430752: chunk-1024 start
1588089430753: chunk-1024 finish
1588089430753: File Transfer Completed

1588091686190: ************ START *************
1588092285429: ************ START *************
1588092381150: ************ START *************
1588092743511: ************ FINISH ************
1588092925317: ************ START *************
1588093117885: ************ START *************
1588093226290: ************ START *************
1588093454651: ************ START *************
